<?xml version="1.0" encoding="UTF-8"?>
<testsuite name="TestSuite" time="9.36" tests="1" errors="0" skipped="0" failures="0">
  <properties>
    <property name="PROCESSOR_ARCHITECTURE" value="AMD64"/>
    <property name="file.encoding.pkg" value="sun.io"/>
    <property name="LOGONSERVER" value="\\ADC21083"/>
    <property name="ProgramData" value="C:\ProgramData"/>
    <property name="java.home" value="C:\Program Files\Java\jre1.8.0_51"/>
    <property name="NODE_NAME" value="master"/>
    <property name="deployment.expiration.check.enabled" value="false"/>
    <property name="ALLUSERSPROFILE" value="C:\ProgramData"/>
    <property name="java.endorsed.dirs" value="C:\Program Files\Java\jre1.8.0_51\lib\endorsed"/>
    <property name="TBTF-Firefox" value="\\ms\netlogon\uhg\scripts\em\Firefox"/>
    <property name="PSModulePath" value="C:\Program Files\WindowsPowerShell\Modules;C:\Windows\system32\WindowsPowerShell\v1.0\Modules"/>
    <property name="USERDOMAIN" value="MS"/>
    <property name="sun.os.patch.level" value="Service Pack 1"/>
    <property name="java.vendor.url" value="http://java.oracle.com/"/>
    <property name="CommonProgramFiles(x86)" value="C:\Program Files (x86)\Common Files"/>
    <property name="java.version" value="1.8.0_51"/>
    <property name="JOB_NAME" value="MavenIntegration"/>
    <property name="COMPUTERNAME" value="LH7U05CG51707J8"/>
    <property name="MSJAVA_ENABLE_MONITORS" value="1"/>
    <property name="windows_tracing_logfile" value="C:\BVTBin\Tests\installpackage\csilogfile.log"/>
    <property name="java.vendor.url.bug" value="http://bugreport.sun.com/bugreport/"/>
    <property name="PUBLIC" value="C:\Users\Public"/>
    <property name="user.name" value="skoppala"/>
    <property name="sun.io.unicode.encoding" value="UnicodeLittle"/>
    <property name="sun.jnu.encoding" value="Cp1252"/>
    <property name="java.runtime.name" value="Java(TM) SE Runtime Environment"/>
    <property name="windir" value="C:\Windows"/>
    <property name="jvm" value="C:\Program Files\Java\jdk1.7.0_79\bin\java.exe"/>
    <property name="AppSensePersonalization" value="Disabled"/>
    <property name="PROCESSOR_IDENTIFIER" value="Intel64 Family 6 Model 69 Stepping 1, GenuineIntel"/>
    <property name="java.specification.name" value="Java Platform API Specification"/>
    <property name="LOCALAPPDATA" value="C:\Users\skoppala\AppData\Local"/>
    <property name="RUN_CHANGES_DISPLAY_URL" value="http://unconfigured-jenkins-location/job/MavenIntegration/3/display/redirect?page=changes"/>
    <property name="user.timezone" value="Asia/Calcutta"/>
    <property name="GP_SCForceOption" value="1"/>
    <property name="user.script" value=""/>
    <property name="path.separator" value=";"/>
    <property name="NUMBER_OF_PROCESSORS" value="4"/>
    <property name="BUILD_TAG" value="jenkins-MavenIntegration-3"/>
    <property name="windows_tracing_flags" value="3"/>
    <property name="file.encoding" value="Cp1252"/>
    <property name="sun.java.command" value="jenkins.maven3.agent.Maven32Main C:\Program Files (x86)\Maven\apache-maven-3.2.3 C:\Users\skoppala\.jenkins\war\WEB-INF\lib\remoting-3.7.jar C:\Users\skoppala\.jenkins\plugins\maven-plugin\WEB-INF\lib\maven32-interceptor-1.8.1.jar C:\Users\skoppala\.jenkins\plugins\maven-plugin\WEB-INF\lib\maven3-interceptor-commons-1.8.1.jar 54602"/>
    <property name="JENKINS_SERVER_COOKIE" value="7de27dfbb6cb1f60"/>
    <property name="LocalDSServer" value="DSMWP0022"/>
    <property name="EXECUTOR_NUMBER" value="0"/>
    <property name="Path" value="C:\Program Files\Java\jdk1.7.0_79/bin;C:\ORACLE32\product\11.2.0\client_1\bin;C:\ORACLE64\product\11.2.0\client_1\bin;C:\oracle\product\10.2.0\client_1\BIN\;C:\oracle\product\10.2.0\client_1\;C:\ProgramData\Oracle\Java\javapath;C:\Program Files (x86)\Intel\iCLS Client\;C:\Program Files\Intel\iCLS Client\;C:\Windows\system32;C:\Windows;C:\Windows\System32\Wbem;C:\Windows\System32\WindowsPowerShell\v1.0\;C:\windows\des_tools;C:\Windows\System32\WindowsPowerShell\v1.0\;C:\Program Files\Intel\Intel(R) Management Engine Components\DAL;C:\Program Files\Intel\Intel(R) Management Engine Components\IPT;C:\Program Files (x86)\Intel\Intel(R) Management Engine Components\DAL;C:\Program Files (x86)\Intel\Intel(R) Management Engine Components\IPT;C:\Program Files\AppSense\Application Manager\Agent\Plugins\EcaRulesEngine\;C:\Program Files\Git\cmd;C:\Program Files\TortoiseGit\bin;C:\Program Files (x86)\PuTTY\;C:\RUBY200-X64\bin;C:\Program Files (x86)\Sennheiser\SoftphoneSDK\;C:\Program Files (x86)\HP\Unified Functional Testing\bin;C:\Windows\System32\WindowsPowerShell\v1.0\;C:\Program Files (x86)\WebEx\Productivity Tools;C:\Program Files\Java\jdk1.7.0_79\bin;C:\Program Files (x86)\Maven\apache-maven-3.2.3\bin;C:\junit\junit-4.10.jar;"/>
    <property name="java.io.tmpdir" value="C:\Users\skoppala\AppData\Local\Temp\"/>
    <property name="APPDATA" value="C:\Users\skoppala\AppData\Roaming"/>
    <property name="user.language" value="en"/>
    <property name="_classload_hook" value="jvmhook"/>
    <property name="line.separator" value="&#10;"/>
    <property name="IBM_JAVA_OPTIONS" value="-Xmx1024M"/>
    <property name="M2_HOME" value="C:\Program Files (x86)\Maven\apache-maven-3.2.3"/>
    <property name="TBTF-EMIE" value="\\ms\netlogon\UHG\Scripts\EM\EMIE"/>
    <property name="DES_TOOLS" value="c:\windows\des_tools"/>
    <property name="=C:" value="C:\Wars"/>
    <property name="java.vm.info" value="mixed mode"/>
    <property name="sun.desktop" value="windows"/>
    <property name="java.vm.specification.name" value="Java Virtual Machine Specification"/>
    <property name="BUILD_DISPLAY_NAME" value="#3"/>
    <property name="OS" value="Windows_NT"/>
    <property name="guice.disable.misplaced.annotation.check" value="true"/>
    <property name="HUDSON_SERVER_COOKIE" value="7de27dfbb6cb1f60"/>
    <property name="MAVEN_HOME" value="C:\Program Files (x86)\Maven\apache-maven-3.2.3"/>
    <property name="SESSIONNAME" value="Console"/>
    <property name="PATHEXT" value=".COM;.EXE;.BAT;.CMD;.VBS;.VBE;.JS;.JSE;.WSF;.WSH;.MSC;.RB;.RBW"/>
    <property name="java.awt.printerjob" value="sun.awt.windows.WPrinterJob"/>
    <property name="maven3.interceptor.common" value="C:\Users\skoppala\.jenkins\plugins\maven-plugin\WEB-INF\lib\maven3-interceptor-commons-1.8.1.jar"/>
    <property name="CLASSPATH" value=""/>
    <property name="ST_INSTALL_PATH" value="C:\Program Files (x86)\HP\Unified Functional Testing\"/>
    <property name="GP_AEP2016Status" value="ThisIsNonAEP2016Workstation"/>
    <property name="HOMEPATH" value="\Users\skoppala"/>
    <property name="os.name" value="Windows 7"/>
    <property name="java.specification.vendor" value="Oracle Corporation"/>
    <property name="FP_NO_HOST_CHECK" value="NO"/>
    <property name="=A:" value="A:\"/>
    <property name="java.vm.name" value="Java HotSpot(TM) 64-Bit Server VM"/>
    <property name="BUILD_NUMBER" value="3"/>
    <property name="maven3.interceptor" value="C:\Users\skoppala\.jenkins\plugins\maven-plugin\WEB-INF\lib\maven32-interceptor-1.8.1.jar"/>
    <property name="java.library.path" value="C:\Program Files\Java\jre1.8.0_51\bin;C:\Windows\Sun\Java\bin;C:\Windows\system32;C:\Windows;C:\Program Files (x86)\Maven\apache-maven-3.2.3/bin;C:\Program Files\Java\jdk1.7.0_79/bin;C:\Program Files\Java\jdk1.7.0_79/bin;C:\ORACLE32\product\11.2.0\client_1\bin;C:\ORACLE64\product\11.2.0\client_1\bin;C:\oracle\product\10.2.0\client_1\BIN\;C:\oracle\product\10.2.0\client_1\;C:\ProgramData\Oracle\Java\javapath;C:\Program Files (x86)\Intel\iCLS Client\;C:\Program Files\Intel\iCLS Client\;C:\Windows\system32;C:\Windows;C:\Windows\System32\Wbem;C:\Windows\System32\WindowsPowerShell\v1.0\;C:\windows\des_tools;C:\Windows\System32\WindowsPowerShell\v1.0\;C:\Program Files\Intel\Intel(R) Management Engine Components\DAL;C:\Program Files\Intel\Intel(R) Management Engine Components\IPT;C:\Program Files (x86)\Intel\Intel(R) Management Engine Components\DAL;C:\Program Files (x86)\Intel\Intel(R) Management Engine Components\IPT;C:\Program Files\AppSense\Application Manager\Agent\Plugins\EcaRulesEngine\;C:\Program Files\Git\cmd;C:\Program Files\TortoiseGit\bin;C:\Program Files (x86)\PuTTY\;C:\RUBY200-X64\bin;C:\Program Files (x86)\Sennheiser\SoftphoneSDK\;C:\Program Files (x86)\HP\Unified Functional Testing\bin;C:\Windows\System32\WindowsPowerShell\v1.0\;C:\Program Files (x86)\WebEx\Productivity Tools;C:\Program Files\Java\jdk1.7.0_79\bin;C:\Program Files (x86)\Maven\apache-maven-3.2.3\bin;C:\junit\junit-4.10.jar;;."/>
    <property name="HOMEDRIVE" value="C:"/>
    <property name="maven.compiler.fork" value="true"/>
    <property name="SNOW_INVENTORY_HOME" value="C:\Program Files\INVENTORYCLIENT\"/>
    <property name="POM_GROUPID" value="MavenIntegration"/>
    <property name="POM_ARTIFACTID" value="MavenIntegration"/>
    <property name="QT_USE_NATIVE_WINDOWS" value="1"/>
    <property name="java.class.version" value="52.0"/>
    <property name="GP_SCRemoveOption" value="1"/>
    <property name="RUN_DISPLAY_URL" value="http://unconfigured-jenkins-location/job/MavenIntegration/3/display/redirect"/>
    <property name="JENKINS_HOME" value="C:\Users\skoppala\.jenkins"/>
    <property name="BUILD_ID" value="3"/>
    <property name="TEMP" value="C:\Users\skoppala\AppData\Local\Temp"/>
    <property name="sun.boot.library.path" value="C:\Program Files\Java\jre1.8.0_51\bin"/>
    <property name="AppSenseHome" value="\\ms\userdata\047\skoppala"/>
    <property name="sun.management.compiler" value="HotSpot 64-Bit Tiered Compilers"/>
    <property name="java.awt.graphicsenv" value="sun.awt.Win32GraphicsEnvironment"/>
    <property name="user.variant" value=""/>
    <property name="PROCESSOR_REVISION" value="4501"/>
    <property name="SID" value="S-1-5-21-588371583-1805265460-4214133073-2316084"/>
    <property name="POM_VERSION" value="0.0.1-SNAPSHOT"/>
    <property name="HUDSON_HOME" value="C:\Users\skoppala\.jenkins"/>
    <property name="ProgramFiles(x86)" value="C:\Program Files (x86)"/>
    <property name="PATH+MAVEN" value="C:\Program Files (x86)\Maven\apache-maven-3.2.3/bin"/>
    <property name="JUNIT_HOME" value="C:\junit"/>
    <property name="USERDOMAIN_ROAMINGPROFILE" value="MS"/>
    <property name="PROMPT" value="$P$G"/>
    <property name="java.vm.specification.version" value="1.8"/>
    <property name="JAVA_HOME" value="C:\Program Files\Java\jdk1.7.0_79"/>
    <property name="awt.toolkit" value="sun.awt.windows.WToolkit"/>
    <property name="NODE_LABELS" value="master"/>
    <property name="sun.cpu.isalist" value="amd64"/>
    <property name="USERPROFILE" value="C:\Users\skoppala"/>
    <property name="JOB_DISPLAY_URL" value="http://unconfigured-jenkins-location/job/MavenIntegration/display/redirect"/>
    <property name="java.ext.dirs" value="C:\Program Files\Java\jre1.8.0_51\lib\ext;C:\Windows\Sun\Java\lib\ext"/>
    <property name="os.version" value="6.1"/>
    <property name="user.home" value="C:\Users\skoppala"/>
    <property name="USERNAME" value="skoppala"/>
    <property name="java.vm.vendor" value="Oracle Corporation"/>
    <property name="PROCESSOR_LEVEL" value="6"/>
    <property name="USERDNSDOMAIN" value="MS.DS.UHC.COM"/>
    <property name="JAXRS_HOME" value="C:\Jars\jaxrs-ri\ext"/>
    <property name="DataNow" value="C:\Users\skoppala"/>
    <property name="CommonProgramW6432" value="C:\Program Files\Common Files"/>
    <property name="user.dir" value="C:\SeleniumTraining\MavenIntegration"/>
    <property name="ProgramW6432" value="C:\Program Files"/>
    <property name="TMP" value="C:\Users\skoppala\AppData\Local\Temp"/>
    <property name="_JAVA_OPTIONS" value="-Xmx1024M"/>
    <property name="sun.cpu.endian" value="little"/>
    <property name="SystemDrive" value="C:"/>
    <property name="java.vm.version" value="25.51-b03"/>
    <property name="java.class.path" value="C:\Users\skoppala\.jenkins\plugins\maven-plugin\WEB-INF\lib\maven32-agent-1.8.1.jar;C:\Program Files (x86)\Maven\apache-maven-3.2.3\boot\plexus-classworlds-2.5.1.jar;C:\Program Files (x86)\Maven\apache-maven-3.2.3/conf/logging"/>
    <property name="org.slf4j.simpleLogger.defaultLogLevel" value="info"/>
    <property name="JAVA_TOOL_OPTIONS" value="-Xmx1024M"/>
    <property name="os.arch" value="amd64"/>
    <property name="MAVEN_3_2_3" value="C:\Program Files (x86)\Maven\apache-maven-3.2.3\"/>
    <property name="WORKSPACE" value="C:\SeleniumTraining\MavenIntegration"/>
    <property name="ComSpec" value="C:\Windows\system32\cmd.exe"/>
    <property name="sun.java.launcher" value="SUN_STANDARD"/>
    <property name="SystemRoot" value="C:\Windows"/>
    <property name="CommonProgramFiles" value="C:\Program Files\Common Files"/>
    <property name="java.vm.specification.vendor" value="Oracle Corporation"/>
    <property name="file.separator" value="\"/>
    <property name="java.runtime.version" value="1.8.0_51-b16"/>
    <property name="sun.boot.class.path" value="C:\Program Files\Java\jre1.8.0_51\lib\resources.jar;C:\Program Files\Java\jre1.8.0_51\lib\rt.jar;C:\Program Files\Java\jre1.8.0_51\lib\sunrsasign.jar;C:\Program Files\Java\jre1.8.0_51\lib\jsse.jar;C:\Program Files\Java\jre1.8.0_51\lib\jce.jar;C:\Program Files\Java\jre1.8.0_51\lib\charsets.jar;C:\Program Files\Java\jre1.8.0_51\lib\jfr.jar;C:\Program Files\Java\jre1.8.0_51\classes"/>
    <property name="ProgramFiles" value="C:\Program Files"/>
    <property name="PATH+JDK" value="C:\Program Files\Java\jdk1.7.0_79/bin"/>
    <property name="user.country" value="US"/>
    <property name="POM_PACKAGING" value="jar"/>
    <property name="maven.home" value="C:\Program Files (x86)\Maven\apache-maven-3.2.3"/>
    <property name="JOB_BASE_NAME" value="MavenIntegration"/>
    <property name="HOME" value="C:\Users\skoppala"/>
    <property name="java.vendor" value="Oracle Corporation"/>
    <property name="POM_DISPLAYNAME" value="MavenIntegration"/>
    <property name="java.specification.version" value="1.8"/>
    <property name="maven.compiler.executable" value="C:\Program Files\Java\jdk1.7.0_79\bin\javac.exe"/>
    <property name="sun.arch.data.model" value="64"/>
  </properties>
  <testcase name="testEasy" classname="example.NewTest" time="9.36"/>
</testsuite>