<?xml version="1.0" encoding="UTF-8"?>
<!-- Generated by org.testng.reporters.JUnitReportReporter -->
<testsuite skipped="0" hostname="LH7U05CG51707J8" name="example.NewTest" tests="1" failures="0" timestamp="19 May 2017 14:00:27 GMT" time="7.288" errors="0">
  <testcase name="testEasy" time="7.288" classname="example.NewTest"/>
</testsuite> <!-- example.NewTest -->
