<?xml version="1.0" encoding="UTF-8"?>
<!-- Generated by org.testng.reporters.JUnitReportReporter -->
<testsuite hostname="LH7U05CG51707J8" name="example.NewTest" tests="1" failures="0" timestamp="23 May 2017 14:18:41 GMT" time="9.360" errors="0">
  <testcase name="testEasy" time="9.360" classname="example.NewTest"/>
</testsuite> <!-- example.NewTest -->
